0 verbose cli C:\Program Files\nodejs\node.exe C:\Users\dhwan\AppData\Roaming\npm\node_modules\npm\bin\npm-cli.js
1 info using npm@11.5.2
2 info using node@v22.17.1
3 silly config load:file:C:\Users\dhwan\AppData\Roaming\npm\node_modules\npm\npmrc
4 silly config load:file:D:\DSA\web\.npmrc
5 silly config load:file:C:\Users\dhwan\.npmrc
6 silly config load:file:C:\Users\dhwan\AppData\Roaming\npm\etc\npmrc
7 verbose title npm install @playwright/test
8 verbose argv "install" "--save-dev" "@playwright/test" "--cache" ".npm-cache" "--loglevel" "error"
9 verbose logfile logs-max:10 dir:D:\DSA\web\.npm-cache\_logs\2026-03-08T14_06_24_860Z-
10 verbose logfile D:\DSA\web\.npm-cache\_logs\2026-03-08T14_06_24_860Z-debug-0.log
11 silly logfile done cleaning log files
12 silly packumentCache heap:2197815296 maxSize:549453824 maxEntrySize:274726912
13 silly idealTree buildDeps
14 silly fetch manifest @playwright/test@*
15 silly packumentCache full:https://registry.npmjs.org/@playwright%2ftest cache-miss
16 verbose shrinkwrap failed to load node_modules/.package-lock.json out of date, updated: node_modules
17 http fetch GET 200 https://registry.npmjs.org/npm 1559ms
18 http fetch GET 200 https://registry.npmjs.org/@playwright%2ftest 2056ms (cache miss)
19 silly packumentCache full:https://registry.npmjs.org/@playwright%2ftest set size:undefined disposed:false
20 silly placeDep ROOT @playwright/test@1.58.2 OK for: web@0.1.0 want: *
21 silly fetch manifest playwright@1.58.2
22 silly packumentCache full:https://registry.npmjs.org/playwright cache-miss
23 http fetch GET 200 https://registry.npmjs.org/playwright 1160ms (cache miss)
24 silly packumentCache full:https://registry.npmjs.org/playwright set size:undefined disposed:false
25 silly placeDep ROOT playwright@1.58.2 OK for: @playwright/test@1.58.2 want: 1.58.2
26 silly fetch manifest playwright-core@1.58.2
27 silly packumentCache full:https://registry.npmjs.org/playwright-core cache-miss
28 silly fetch manifest fsevents@2.3.2
29 silly packumentCache full:https://registry.npmjs.org/fsevents cache-miss
30 http fetch GET 200 https://registry.npmjs.org/fsevents 132ms (cache miss)
31 silly packumentCache full:https://registry.npmjs.org/fsevents set size:undefined disposed:false
32 http fetch GET 200 https://registry.npmjs.org/playwright-core 433ms (cache miss)
33 silly packumentCache full:https://registry.npmjs.org/playwright-core set size:undefined disposed:false
34 silly placeDep node_modules/playwright fsevents@2.3.2 OK for: playwright@1.58.2 want: 2.3.2
35 silly placeDep ROOT playwright-core@1.58.2 OK for: playwright@1.58.2 want: 1.58.2
36 silly reify moves {}
37 verbose reify failed optional dependency D:\DSA\web\node_modules\@tailwindcss\oxide-wasm32-wasi
38 silly reify mark deleted [ 'D:\\DSA\\web\\node_modules\\@tailwindcss\\oxide-wasm32-wasi' ]
39 silly audit bulk request {
39 silly audit   '@alloc/quick-lru': [ '5.2.0' ],
39 silly audit   '@asamuzakjp/css-color': [ '3.2.0' ],
39 silly audit   'lru-cache': [ '10.4.3', '5.1.1' ],
39 silly audit   '@babel/code-frame': [ '7.29.0' ],
39 silly audit   '@babel/compat-data': [ '7.29.0' ],
39 silly audit   '@babel/core': [ '7.29.0' ],
39 silly audit   '@babel/generator': [ '7.29.1' ],
39 silly audit   '@babel/helper-compilation-targets': [ '7.28.6' ],
39 silly audit   '@babel/helper-globals': [ '7.28.0' ],
39 silly audit   '@babel/helper-module-imports': [ '7.28.6' ],
39 silly audit   '@babel/helper-module-transforms': [ '7.28.6' ],
39 silly audit   '@babel/helper-string-parser': [ '7.27.1' ],
39 silly audit   '@babel/helper-validator-identifier': [ '7.28.5' ],
39 silly audit   '@babel/helper-validator-option': [ '7.27.1' ],
39 silly audit   '@babel/helpers': [ '7.28.6' ],
39 silly audit   '@babel/parser': [ '7.29.0' ],
39 silly audit   '@babel/template': [ '7.28.6' ],
39 silly audit   '@babel/traverse': [ '7.29.0' ],
39 silly audit   '@babel/types': [ '7.29.0' ],
39 silly audit   '@csstools/color-helpers': [ '5.1.0' ],
39 silly audit   '@csstools/css-calc': [ '2.1.4' ],
39 silly audit   '@csstools/css-color-parser': [ '3.1.0' ],
39 silly audit   '@csstools/css-parser-algorithms': [ '3.0.5' ],
39 silly audit   '@csstools/css-tokenizer': [ '3.0.4' ],
39 silly audit   '@emnapi/core': [ '1.8.1' ],
39 silly audit   '@emnapi/runtime': [ '1.8.1' ],
39 silly audit   '@emnapi/wasi-threads': [ '1.1.0' ],
39 silly audit   '@esbuild/aix-ppc64': [ '0.27.3' ],
39 silly audit   '@esbuild/android-arm': [ '0.27.3' ],
39 silly audit   '@esbuild/android-arm64': [ '0.27.3' ],
39 silly audit   '@esbuild/android-x64': [ '0.27.3' ],
39 silly audit   '@esbuild/darwin-arm64': [ '0.27.3' ],
39 silly audit   '@esbuild/darwin-x64': [ '0.27.3' ],
39 silly audit   '@esbuild/freebsd-arm64': [ '0.27.3' ],
39 silly audit   '@esbuild/freebsd-x64': [ '0.27.3' ],
39 silly audit   '@esbuild/linux-arm': [ '0.27.3' ],
39 silly audit   '@esbuild/linux-arm64': [ '0.27.3' ],
39 silly audit   '@esbuild/linux-ia32': [ '0.27.3' ],
39 silly audit   '@esbuild/linux-loong64': [ '0.27.3' ],
39 silly audit   '@esbuild/linux-mips64el': [ '0.27.3' ],
39 silly audit   '@esbuild/linux-ppc64': [ '0.27.3' ],
39 silly audit   '@esbuild/linux-riscv64': [ '0.27.3' ],
39 silly audit   '@esbuild/linux-s390x': [ '0.27.3' ],
39 silly audit   '@esbuild/linux-x64': [ '0.27.3' ],
39 silly audit   '@esbuild/netbsd-arm64': [ '0.27.3' ],
39 silly audit   '@esbuild/netbsd-x64': [ '0.27.3' ],
39 silly audit   '@esbuild/openbsd-arm64': [ '0.27.3' ],
39 silly audit   '@esbuild/openbsd-x64': [ '0.27.3' ],
39 silly audit   '@esbuild/openharmony-arm64': [ '0.27.3' ],
39 silly audit   '@esbuild/sunos-x64': [ '0.27.3' ],
39 silly audit   '@esbuild/win32-arm64': [ '0.27.3' ],
39 silly audit   '@esbuild/win32-ia32': [ '0.27.3' ],
39 silly audit   '@esbuild/win32-x64': [ '0.27.3' ],
39 silly audit   '@eslint-community/eslint-utils': [ '4.9.1' ],
39 silly audit   'eslint-visitor-keys': [ '3.4.3', '5.0.1', '4.2.1' ],
39 silly audit   '@eslint-community/regexpp': [ '4.12.2' ],
39 silly audit   '@eslint/config-array': [ '0.21.1' ],
39 silly audit   '@eslint/config-helpers': [ '0.4.2' ],
39 silly audit   '@eslint/core': [ '0.17.0' ],
39 silly audit   '@eslint/eslintrc': [ '3.3.4' ],
39 silly audit   '@eslint/js': [ '9.39.3' ],
39 silly audit   '@eslint/object-schema': [ '2.1.7' ],
39 silly audit   '@eslint/plugin-kit': [ '0.4.1' ],
39 silly audit   '@humanfs/core': [ '0.19.1' ],
39 silly audit   '@humanfs/node': [ '0.16.7' ],
39 silly audit   '@humanwhocodes/module-importer': [ '1.0.1' ],
39 silly audit   '@humanwhocodes/retry': [ '0.4.3' ],
39 silly audit   '@img/colour': [ '1.1.0' ],
39 silly audit   '@img/sharp-darwin-arm64': [ '0.34.5' ],
39 silly audit   '@img/sharp-darwin-x64': [ '0.34.5' ],
39 silly audit   '@img/sharp-libvips-darwin-arm64': [ '1.2.4' ],
39 silly audit   '@img/sharp-libvips-darwin-x64': [ '1.2.4' ],
39 silly audit   '@img/sharp-libvips-linux-arm': [ '1.2.4' ],
39 silly audit   '@img/sharp-libvips-linux-arm64': [ '1.2.4' ],
39 silly audit   '@img/sharp-libvips-linux-ppc64': [ '1.2.4' ],
39 silly audit   '@img/sharp-libvips-linux-riscv64': [ '1.2.4' ],
39 silly audit   '@img/sharp-libvips-linux-s390x': [ '1.2.4' ],
39 silly audit   '@img/sharp-libvips-linux-x64': [ '1.2.4' ],
39 silly audit   '@img/sharp-libvips-linuxmusl-arm64': [ '1.2.4' ],
39 silly audit   '@img/sharp-libvips-linuxmusl-x64': [ '1.2.4' ],
39 silly audit   '@img/sharp-linux-arm': [ '0.34.5' ],
39 silly audit   '@img/sharp-linux-arm64': [ '0.34.5' ],
39 silly audit   '@img/sharp-linux-ppc64': [ '0.34.5' ],
39 silly audit   '@img/sharp-linux-riscv64': [ '0.34.5' ],
39 silly audit   '@img/sharp-linux-s390x': [ '0.34.5' ],
39 silly audit   '@img/sharp-linux-x64': [ '0.34.5' ],
39 silly audit   '@img/sharp-linuxmusl-arm64': [ '0.34.5' ],
39 silly audit   '@img/sharp-linuxmusl-x64': [ '0.34.5' ],
39 silly audit   '@img/sharp-wasm32': [ '0.34.5' ],
39 silly audit   '@img/sharp-win32-arm64': [ '0.34.5' ],
39 silly audit   '@img/sharp-win32-ia32': [ '0.34.5' ],
39 silly audit   '@img/sharp-win32-x64': [ '0.34.5' ],
39 silly audit   '@jridgewell/gen-mapping': [ '0.3.13' ],
39 silly audit   '@jridgewell/remapping': [ '2.3.5' ],
39 silly audit   '@jridgewell/resolve-uri': [ '3.1.2' ],
39 silly audit   '@jridgewell/sourcemap-codec': [ '1.5.5' ],
39 silly audit   '@jridgewell/trace-mapping': [ '0.3.31' ],
39 silly audit   '@mdx-js/mdx': [ '3.1.1' ],
39 silly audit   '@mdx-js/react': [ '3.1.1' ],
39 silly audit   '@napi-rs/wasm-runtime': [ '0.2.12' ],
39 silly audit   '@next/env': [ '16.1.6' ],
39 silly audit   '@next/eslint-plugin-next': [ '16.1.6' ],
39 silly audit   '@next/swc-darwin-arm64': [ '16.1.6' ],
39 silly audit   '@next/swc-darwin-x64': [ '16.1.6' ],
39 silly audit   '@next/swc-linux-arm64-gnu': [ '16.1.6' ],
39 silly audit   '@next/swc-linux-arm64-musl': [ '16.1.6' ],
39 silly audit   '@next/swc-linux-x64-gnu': [ '16.1.6' ],
39 silly audit   '@next/swc-linux-x64-musl': [ '16.1.6' ],
39 silly audit   '@next/swc-win32-arm64-msvc': [ '16.1.6' ],
39 silly audit   '@next/swc-win32-x64-msvc': [ '16.1.6' ],
39 silly audit   '@nodelib/fs.scandir': [ '2.1.5' ],
39 silly audit   '@nodelib/fs.stat': [ '2.0.5' ],
39 silly audit   '@nodelib/fs.walk': [ '1.2.8' ],
39 silly audit   '@nolyfill/is-core-module': [ '1.0.39' ],
39 silly audit   '@rollup/rollup-android-arm-eabi': [ '4.59.0' ],
39 silly audit   '@rollup/rollup-android-arm64': [ '4.59.0' ],
39 silly audit   '@rollup/rollup-darwin-arm64': [ '4.59.0' ],
39 silly audit   '@rollup/rollup-darwin-x64': [ '4.59.0' ],
39 silly audit   '@rollup/rollup-freebsd-arm64': [ '4.59.0' ],
39 silly audit   '@rollup/rollup-freebsd-x64': [ '4.59.0' ],
39 silly audit   '@rollup/rollup-linux-arm-gnueabihf': [ '4.59.0' ],
39 silly audit   '@rollup/rollup-linux-arm-musleabihf': [ '4.59.0' ],
39 silly audit   '@rollup/rollup-linux-arm64-gnu': [ '4.59.0' ],
39 silly audit   '@rollup/rollup-linux-arm64-musl': [ '4.59.0' ],
39 silly audit   '@rollup/rollup-linux-loong64-gnu': [ '4.59.0' ],
39 silly audit   '@rollup/rollup-linux-loong64-musl': [ '4.59.0' ],
39 silly audit   '@rollup/rollup-linux-ppc64-gnu': [ '4.59.0' ],
39 silly audit   '@rollup/rollup-linux-ppc64-musl': [ '4.59.0' ],
39 silly audit   '@rollup/rollup-linux-riscv64-gnu': [ '4.59.0' ],
39 silly audit   '@rollup/rollup-linux-riscv64-musl': [ '4.59.0' ],
39 silly audit   '@rollup/rollup-linux-s390x-gnu': [ '4.59.0' ],
39 silly audit   '@rollup/rollup-linux-x64-gnu': [ '4.59.0' ],
39 silly audit   '@rollup/rollup-linux-x64-musl': [ '4.59.0' ],
39 silly audit   '@rollup/rollup-openbsd-x64': [ '4.59.0' ],
39 silly audit   '@rollup/rollup-openharmony-arm64': [ '4.59.0' ],
39 silly audit   '@rollup/rollup-win32-arm64-msvc': [ '4.59.0' ],
39 silly audit   '@rollup/rollup-win32-ia32-msvc': [ '4.59.0' ],
39 silly audit   '@rollup/rollup-win32-x64-gnu': [ '4.59.0' ],
39 silly audit   '@rollup/rollup-win32-x64-msvc': [ '4.59.0' ],
39 silly audit   '@rtsao/scc': [ '1.1.0' ],
39 silly audit   '@swc/helpers': [ '0.5.15' ],
39 silly audit   '@tailwindcss/node': [ '4.2.1' ],
39 silly audit   '@tailwindcss/oxide': [ '4.2.1' ],
39 silly audit   '@tailwindcss/oxide-android-arm64': [ '4.2.1' ],
39 silly audit   '@tailwindcss/oxide-darwin-arm64': [ '4.2.1' ],
39 silly audit   '@tailwindcss/oxide-darwin-x64': [ '4.2.1' ],
39 silly audit   '@tailwindcss/oxide-freebsd-x64': [ '4.2.1' ],
39 silly audit   '@tailwindcss/oxide-linux-arm-gnueabihf': [ '4.2.1' ],
39 silly audit   '@tailwindcss/oxide-linux-arm64-gnu': [ '4.2.1' ],
39 silly audit   '@tailwindcss/oxide-linux-arm64-musl': [ '4.2.1' ],
39 silly audit   '@tailwindcss/oxide-linux-x64-gnu': [ '4.2.1' ],
39 silly audit   '@tailwindcss/oxide-linux-x64-musl': [ '4.2.1' ],
39 silly audit   '@tailwindcss/oxide-win32-arm64-msvc': [ '4.2.1' ],
39 silly audit   '@tailwindcss/oxide-win32-x64-msvc': [ '4.2.1' ],
39 silly audit   '@tailwindcss/postcss': [ '4.2.1' ],
39 silly audit   '@tybys/wasm-util': [ '0.10.1' ],
39 silly audit   '@types/chai': [ '5.2.3' ],
39 silly audit   '@types/debug': [ '4.1.12' ],
39 silly audit   '@types/deep-eql': [ '4.0.2' ],
39 silly audit   '@types/estree': [ '1.0.8' ],
39 silly audit   '@types/estree-jsx': [ '1.0.5' ],
39 silly audit   '@types/hast': [ '3.0.4' ],
39 silly audit   '@types/json-schema': [ '7.0.15' ],
39 silly audit   '@types/json5': [ '0.0.29' ],
39 silly audit   '@types/mdast': [ '4.0.4' ],
39 silly audit   '@types/mdx': [ '2.0.13' ],
39 silly audit   '@types/ms': [ '2.1.0' ],
39 silly audit   '@types/node': [ '20.19.35' ],
39 silly audit   '@types/react': [ '19.2.14' ],
39 silly audit   '@types/react-dom': [ '19.2.3' ],
39 silly audit   '@types/unist': [ '3.0.3', '2.0.11' ],
39 silly audit   '@typescript-eslint/eslint-plugin': [ '8.56.1' ],
39 silly audit   ignore: [ '7.0.5', '5.3.2' ],
39 silly audit   '@typescript-eslint/parser': [ '8.56.1' ],
39 silly audit   '@typescript-eslint/project-service': [ '8.56.1' ],
39 silly audit   '@typescript-eslint/scope-manager': [ '8.56.1' ],
39 silly audit   '@typescript-eslint/tsconfig-utils': [ '8.56.1' ],
39 silly audit   '@typescript-eslint/type-utils': [ '8.56.1' ],
39 silly audit   '@typescript-eslint/types': [ '8.56.1' ],
39 silly audit   '@typescript-eslint/typescript-estree': [ '8.56.1' ],
39 silly audit   'balanced-match': [ '4.0.4', '1.0.2' ],
39 silly audit   'brace-expansion': [ '5.0.4', '1.1.12' ],
39 silly audit   minimatch: [ '10.2.4', '3.1.5' ],
39 silly audit   semver: [ '7.7.4', '6.3.1' ],
39 silly audit   '@typescript-eslint/utils': [ '8.56.1' ],
39 silly audit   '@typescript-eslint/visitor-keys': [ '8.56.1' ],
39 silly audit   '@ungap/structured-clone': [ '1.3.0' ],
39 silly audit   '@unrs/resolver-binding-android-arm-eabi': [ '1.11.1' ],
39 silly audit   '@unrs/resolver-binding-android-arm64': [ '1.11.1' ],
39 silly audit   '@unrs/resolver-binding-darwin-arm64': [ '1.11.1' ],
39 silly audit   '@unrs/resolver-binding-darwin-x64': [ '1.11.1' ],
39 silly audit   '@unrs/resolver-binding-freebsd-x64': [ '1.11.1' ],
39 silly audit   '@unrs/resolver-binding-linux-arm-gnueabihf': [ '1.11.1' ],
39 silly audit   '@unrs/resolver-binding-linux-arm-musleabihf': [ '1.11.1' ],
39 silly audit   '@unrs/resolver-binding-linux-arm64-gnu': [ '1.11.1' ],
39 silly audit   '@unrs/resolver-binding-linux-arm64-musl': [ '1.11.1' ],
39 silly audit   '@unrs/resolver-binding-linux-ppc64-gnu': [ '1.11.1' ],
39 silly audit   '@unrs/resolver-binding-linux-riscv64-gnu': [ '1.11.1' ],
39 silly audit   '@unrs/resolver-binding-linux-riscv64-musl': [ '1.11.1' ],
39 silly audit   '@unrs/resolver-binding-linux-s390x-gnu': [ '1.11.1' ],
39 silly audit   '@unrs/resolver-binding-linux-x64-gnu': [ '1.11.1' ],
39 silly audit   '@unrs/resolver-binding-linux-x64-musl': [ '1.11.1' ],
39 silly audit   '@unrs/resolver-binding-wasm32-wasi': [ '1.11.1' ],
39 silly audit   '@unrs/resolver-binding-win32-arm64-msvc': [ '1.11.1' ],
39 silly audit   '@unrs/resolver-binding-win32-ia32-msvc': [ '1.11.1' ],
39 silly audit   '@unrs/resolver-binding-win32-x64-msvc': [ '1.11.1' ],
39 silly audit   '@vitest/expect': [ '3.2.4' ],
39 silly audit   '@vitest/mocker': [ '3.2.4' ],
39 silly audit   '@vitest/pretty-format': [ '3.2.4' ],
39 silly audit   '@vitest/runner': [ '3.2.4' ],
39 silly audit   '@vitest/snapshot': [ '3.2.4' ],
39 silly audit   '@vitest/spy': [ '3.2.4' ],
39 silly audit   '@vitest/utils': [ '3.2.4' ],
39 silly audit   acorn: [ '8.16.0' ],
39 silly audit   'acorn-jsx': [ '5.3.2' ],
39 silly audit   'agent-base': [ '7.1.4' ],
39 silly audit   ajv: [ '6.14.0' ],
39 silly audit   'ansi-styles': [ '4.3.0' ],
39 silly audit   argparse: [ '2.0.1', '1.0.10' ],
39 silly audit   'aria-query': [ '5.3.2' ],
39 silly audit   'array-buffer-byte-length': [ '1.0.2' ],
39 silly audit   'array-includes': [ '3.1.9' ],
39 silly audit   'array.prototype.findlast': [ '1.2.5' ],
39 silly audit   'array.prototype.findlastindex': [ '1.2.6' ],
39 silly audit   'array.prototype.flat': [ '1.3.3' ],
39 silly audit   'array.prototype.flatmap': [ '1.3.3' ],
39 silly audit   'array.prototype.tosorted': [ '1.1.4' ],
39 silly audit   'arraybuffer.prototype.slice': [ '1.0.4' ],
39 silly audit   'assertion-error': [ '2.0.1' ],
39 silly audit   'ast-types-flow': [ '0.0.8' ],
39 silly audit   astring: [ '1.9.0' ],
39 silly audit   'async-function': [ '1.0.0' ],
39 silly audit   'available-typed-arrays': [ '1.0.7' ],
39 silly audit   'axe-core': [ '4.11.1' ],
39 silly audit   'axobject-query': [ '4.1.0' ],
39 silly audit   bail: [ '2.0.2' ],
39 silly audit   'baseline-browser-mapping': [ '2.10.0' ],
39 silly audit   braces: [ '3.0.3' ],
39 silly audit   browserslist: [ '4.28.1' ],
39 silly audit   cac: [ '6.7.14' ],
39 silly audit   'call-bind': [ '1.0.8' ],
39 silly audit   'call-bind-apply-helpers': [ '1.0.2' ],
39 silly audit   'call-bound': [ '1.0.4' ],
39 silly audit   callsites: [ '3.1.0' ],
39 silly audit   'caniuse-lite': [ '1.0.30001776' ],
39 silly audit   ccount: [ '2.0.1' ],
39 silly audit   chai: [ '5.3.3' ],
39 silly audit   chalk: [ '4.1.2' ],
39 silly audit   'character-entities': [ '2.0.2' ],
39 silly audit   'character-entities-html4': [ '2.1.0' ],
39 silly audit   'character-entities-legacy': [ '3.0.0' ],
39 silly audit   'character-reference-invalid': [ '2.0.1' ],
39 silly audit   'check-error': [ '2.1.3' ],
39 silly audit   'client-only': [ '0.0.1' ],
39 silly audit   'collapse-white-space': [ '2.1.0' ],
39 silly audit   'color-convert': [ '2.0.1' ],
39 silly audit   'color-name': [ '1.1.4' ],
39 silly audit   'comma-separated-tokens': [ '2.0.3' ],
39 silly audit   'concat-map': [ '0.0.1' ],
39 silly audit   'convert-source-map': [ '2.0.0' ],
39 silly audit   'cross-spawn': [ '7.0.6' ],
39 silly audit   cssstyle: [ '4.6.0' ],
39 silly audit   csstype: [ '3.2.3' ],
39 silly audit   'damerau-levenshtein': [ '1.0.8' ],
39 silly audit   'data-urls': [ '5.0.0' ],
39 silly audit   'data-view-buffer': [ '1.0.2' ],
39 silly audit   'data-view-byte-length': [ '1.0.2' ],
39 silly audit   'data-view-byte-offset': [ '1.0.1' ],
39 silly audit   debug: [ '4.4.3', '3.2.7' ],
39 silly audit   'decimal.js': [ '10.6.0' ],
39 silly audit   'decode-named-character-reference': [ '1.3.0' ],
39 silly audit   'deep-eql': [ '5.0.2' ],
39 silly audit   'deep-is': [ '0.1.4' ],
39 silly audit   'define-data-property': [ '1.1.4' ],
39 silly audit   'define-properties': [ '1.2.1' ],
39 silly audit   dequal: [ '2.0.3' ],
39 silly audit   'detect-libc': [ '2.1.2' ],
39 silly audit   devlop: [ '1.1.0' ],
39 silly audit   doctrine: [ '2.1.0' ],
39 silly audit   'dunder-proto': [ '1.0.1' ],
39 silly audit   'electron-to-chromium': [ '1.5.302' ],
39 silly audit   'emoji-regex': [ '9.2.2' ],
39 silly audit   'enhanced-resolve': [ '5.20.0' ],
39 silly audit   entities: [ '6.0.1' ],
39 silly audit   'es-abstract': [ '1.24.1' ],
39 silly audit   'es-define-property': [ '1.0.1' ],
39 silly audit   'es-errors': [ '1.3.0' ],
39 silly audit   'es-iterator-helpers': [ '1.2.2' ],
39 silly audit   'es-module-lexer': [ '1.7.0' ],
39 silly audit   'es-object-atoms': [ '1.1.1' ],
39 silly audit   'es-set-tostringtag': [ '2.1.0' ],
39 silly audit   'es-shim-unscopables': [ '1.1.0' ],
39 silly audit   'es-to-primitive': [ '1.3.0' ],
39 silly audit   'esast-util-from-estree': [ '2.0.0' ],
39 silly audit   'esast-util-from-js': [ '2.0.1' ],
39 silly audit   esbuild: [ '0.27.3' ],
39 silly audit   escalade: [ '3.2.0' ],
39 silly audit   'escape-string-regexp': [ '4.0.0', '5.0.0' ],
39 silly audit   eslint: [ '9.39.3' ],
39 silly audit   'eslint-config-next': [ '16.1.6' ],
39 silly audit   globals: [ '16.4.0', '14.0.0' ],
39 silly audit   'eslint-import-resolver-node': [ '0.3.9' ],
39 silly audit   'eslint-import-resolver-typescript': [ '3.10.1' ],
39 silly audit   'eslint-module-utils': [ '2.12.1' ],
39 silly audit   'eslint-plugin-import': [ '2.32.0' ],
39 silly audit   'eslint-plugin-jsx-a11y': [ '6.10.2' ],
39 silly audit   'eslint-plugin-react': [ '7.37.5' ],
39 silly audit   'eslint-plugin-react-hooks': [ '7.0.1' ],
39 silly audit   resolve: [ '2.0.0-next.6', '1.22.11' ],
39 silly audit   'eslint-scope': [ '8.4.0' ],
39 silly audit   espree: [ '10.4.0' ],
39 silly audit   esprima: [ '4.0.1' ],
39 silly audit   esquery: [ '1.7.0' ],
39 silly audit   esrecurse: [ '4.3.0' ],
39 silly audit   estraverse: [ '5.3.0' ],
39 silly audit   'estree-util-attach-comments': [ '3.0.0' ],
39 silly audit   'estree-util-build-jsx': [ '3.0.1' ],
39 silly audit   'estree-util-is-identifier-name': [ '3.0.0' ],
39 silly audit   'estree-util-scope': [ '1.0.0' ],
39 silly audit   'estree-util-to-js': [ '2.0.0' ],
39 silly audit   'estree-util-visit': [ '2.0.0' ],
39 silly audit   'estree-walker': [ '3.0.3' ],
39 silly audit   esutils: [ '2.0.3' ],
39 silly audit   'expect-type': [ '1.3.0' ],
39 silly audit   extend: [ '3.0.2' ],
39 silly audit   'extend-shallow': [ '2.0.1' ],
39 silly audit   'fast-deep-equal': [ '3.1.3' ],
39 silly audit   'fast-glob': [ '3.3.1' ],
39 silly audit   'glob-parent': [ '5.1.2', '6.0.2' ],
39 silly audit   'fast-json-stable-stringify': [ '2.1.0' ],
39 silly audit   'fast-levenshtein': [ '2.0.6' ],
39 silly audit   fastq: [ '1.20.1' ],
39 silly audit   'file-entry-cache': [ '8.0.0' ],
39 silly audit   'fill-range': [ '7.1.1' ],
39 silly audit   'find-up': [ '5.0.0' ],
39 silly audit   'flat-cache': [ '4.0.1' ],
39 silly audit   flatted: [ '3.3.4' ],
39 silly audit   'for-each': [ '0.3.5' ],
39 silly audit   fsevents: [ '2.3.3', '2.3.2' ],
39 silly audit   'function-bind': [ '1.1.2' ],
39 silly audit   'function.prototype.name': [ '1.1.8' ],
39 silly audit   'functions-have-names': [ '1.2.3' ],
39 silly audit   'fuse.js': [ '7.1.0' ],
39 silly audit   'generator-function': [ '2.0.1' ],
39 silly audit   gensync: [ '1.0.0-beta.2' ],
39 silly audit   'get-intrinsic': [ '1.3.0' ],
39 silly audit   'get-proto': [ '1.0.1' ],
39 silly audit   'get-symbol-description': [ '1.1.0' ],
39 silly audit   'get-tsconfig': [ '4.13.6' ],
39 silly audit   globalthis: [ '1.0.4' ],
39 silly audit   gopd: [ '1.2.0' ],
39 silly audit   'graceful-fs': [ '4.2.11' ],
39 silly audit   'gray-matter': [ '4.0.3' ],
39 silly audit   'js-yaml': [ '3.14.2', '4.1.1' ],
39 silly audit   'has-bigints': [ '1.1.0' ],
39 silly audit   'has-flag': [ '4.0.0' ],
39 silly audit   'has-property-descriptors': [ '1.0.2' ],
39 silly audit   'has-proto': [ '1.2.0' ],
39 silly audit   'has-symbols': [ '1.1.0' ],
39 silly audit   'has-tostringtag': [ '1.0.2' ],
39 silly audit   hasown: [ '2.0.2' ],
39 silly audit   'hast-util-to-estree': [ '3.1.3' ],
39 silly audit   'hast-util-to-jsx-runtime': [ '2.3.6' ],
39 silly audit   'hast-util-whitespace': [ '3.0.0' ],
39 silly audit   'hermes-estree': [ '0.25.1' ],
39 silly audit   'hermes-parser': [ '0.25.1' ],
39 silly audit   'html-encoding-sniffer': [ '4.0.0' ],
39 silly audit   'http-proxy-agent': [ '7.0.2' ],
39 silly audit   'https-proxy-agent': [ '7.0.6' ],
39 silly audit   'iconv-lite': [ '0.6.3' ],
39 silly audit   'import-fresh': [ '3.3.1' ],
39 silly audit   imurmurhash: [ '0.1.4' ],
39 silly audit   'inline-style-parser': [ '0.2.7' ],
39 silly audit   'internal-slot': [ '1.1.0' ],
39 silly audit   'is-alphabetical': [ '2.0.1' ],
39 silly audit   'is-alphanumerical': [ '2.0.1' ],
39 silly audit   'is-array-buffer': [ '3.0.5' ],
39 silly audit   'is-async-function': [ '2.1.1' ],
39 silly audit   'is-bigint': [ '1.1.0' ],
39 silly audit   'is-boolean-object': [ '1.2.2' ],
39 silly audit   'is-bun-module': [ '2.0.0' ],
39 silly audit   'is-callable': [ '1.2.7' ],
39 silly audit   'is-core-module': [ '2.16.1' ],
39 silly audit   'is-data-view': [ '1.0.2' ],
39 silly audit   'is-date-object': [ '1.1.0' ],
39 silly audit   'is-decimal': [ '2.0.1' ],
39 silly audit   'is-extendable': [ '0.1.1' ],
39 silly audit   'is-extglob': [ '2.1.1' ],
39 silly audit   'is-finalizationregistry': [ '1.1.1' ],
39 silly audit   'is-generator-function': [ '1.1.2' ],
39 silly audit   'is-glob': [ '4.0.3' ],
39 silly audit   'is-hexadecimal': [ '2.0.1' ],
39 silly audit   'is-map': [ '2.0.3' ],
39 silly audit   'is-negative-zero': [ '2.0.3' ],
39 silly audit   'is-number': [ '7.0.0' ],
39 silly audit   'is-number-object': [ '1.1.1' ],
39 silly audit   'is-plain-obj': [ '4.1.0' ],
39 silly audit   'is-potential-custom-element-name': [ '1.0.1' ],
39 silly audit   'is-regex': [ '1.2.1' ],
39 silly audit   'is-set': [ '2.0.3' ],
39 silly audit   'is-shared-array-buffer': [ '1.0.4' ],
39 silly audit   'is-string': [ '1.1.1' ],
39 silly audit   'is-symbol': [ '1.1.1' ],
39 silly audit   'is-typed-array': [ '1.1.15' ],
39 silly audit   'is-weakmap': [ '2.0.2' ],
39 silly audit   'is-weakref': [ '1.1.1' ],
39 silly audit   'is-weakset': [ '2.0.4' ],
39 silly audit   isarray: [ '2.0.5' ],
39 silly audit   isexe: [ '2.0.0' ],
39 silly audit   'iterator.prototype': [ '1.1.5' ],
39 silly audit   jiti: [ '2.6.1' ],
39 silly audit   'js-tokens': [ '4.0.0', '9.0.1' ],
39 silly audit   jsdom: [ '26.1.0' ],
39 silly audit   jsesc: [ '3.1.0' ],
39 silly audit   'json-buffer': [ '3.0.1' ],
39 silly audit   'json-schema-traverse': [ '0.4.1' ],
39 silly audit   'json-stable-stringify-without-jsonify': [ '1.0.1' ],
39 silly audit   json5: [ '2.2.3', '1.0.2' ],
39 silly audit   'jsx-ast-utils': [ '3.3.5' ],
39 silly audit   keyv: [ '4.5.4' ],
39 silly audit   'kind-of': [ '6.0.3' ],
39 silly audit   'language-subtag-registry': [ '0.3.23' ],
39 silly audit   'language-tags': [ '1.0.9' ],
39 silly audit   levn: [ '0.4.1' ],
39 silly audit   lightningcss: [ '1.31.1' ],
39 silly audit   'lightningcss-android-arm64': [ '1.31.1' ],
39 silly audit   'lightningcss-darwin-arm64': [ '1.31.1' ],
39 silly audit   'lightningcss-darwin-x64': [ '1.31.1' ],
39 silly audit   'lightningcss-freebsd-x64': [ '1.31.1' ],
39 silly audit   'lightningcss-linux-arm-gnueabihf': [ '1.31.1' ],
39 silly audit   'lightningcss-linux-arm64-gnu': [ '1.31.1' ],
39 silly audit   'lightningcss-linux-arm64-musl': [ '1.31.1' ],
39 silly audit   'lightningcss-linux-x64-gnu': [ '1.31.1' ],
39 silly audit   'lightningcss-linux-x64-musl': [ '1.31.1' ],
39 silly audit   'lightningcss-win32-arm64-msvc': [ '1.31.1' ],
39 silly audit   'lightningcss-win32-x64-msvc': [ '1.31.1' ],
39 silly audit   'locate-path': [ '6.0.0' ],
39 silly audit   'lodash.merge': [ '4.6.2' ],
39 silly audit   'longest-streak': [ '3.1.0' ],
39 silly audit   'loose-envify': [ '1.4.0' ],
39 silly audit   loupe: [ '3.2.1' ],
39 silly audit   'magic-string': [ '0.30.21' ],
39 silly audit   'markdown-extensions': [ '2.0.0' ],
39 silly audit   'markdown-table': [ '3.0.4' ],
39 silly audit   'math-intrinsics': [ '1.1.0' ],
39 silly audit   'mdast-util-find-and-replace': [ '3.0.2' ],
39 silly audit   'mdast-util-from-markdown': [ '2.0.3' ],
39 silly audit   'mdast-util-gfm': [ '3.1.0' ],
39 silly audit   'mdast-util-gfm-autolink-literal': [ '2.0.1' ],
39 silly audit   'mdast-util-gfm-footnote': [ '2.1.0' ],
39 silly audit   'mdast-util-gfm-strikethrough': [ '2.0.0' ],
39 silly audit   'mdast-util-gfm-table': [ '2.0.0' ],
39 silly audit   'mdast-util-gfm-task-list-item': [ '2.0.0' ],
39 silly audit   'mdast-util-mdx': [ '3.0.0' ],
39 silly audit   'mdast-util-mdx-expression': [ '2.0.1' ],
39 silly audit   'mdast-util-mdx-jsx': [ '3.2.0' ],
39 silly audit   'mdast-util-mdxjs-esm': [ '2.0.1' ],
39 silly audit   'mdast-util-phrasing': [ '4.1.0' ],
39 silly audit   'mdast-util-to-hast': [ '13.2.1' ],
39 silly audit   'mdast-util-to-markdown': [ '2.1.2' ],
39 silly audit   'mdast-util-to-string': [ '4.0.0' ],
39 silly audit   merge2: [ '1.4.1' ],
39 silly audit   micromark: [ '4.0.2' ],
39 silly audit   'micromark-core-commonmark': [ '2.0.3' ],
39 silly audit   'micromark-extension-gfm': [ '3.0.0' ],
39 silly audit   'micromark-extension-gfm-autolink-literal': [ '2.1.0' ],
39 silly audit   'micromark-extension-gfm-footnote': [ '2.1.0' ],
39 silly audit   'micromark-extension-gfm-strikethrough': [ '2.1.0' ],
39 silly audit   'micromark-extension-gfm-table': [ '2.1.1' ],
39 silly audit   'micromark-extension-gfm-tagfilter': [ '2.0.0' ],
39 silly audit   'micromark-extension-gfm-task-list-item': [ '2.1.0' ],
39 silly audit   'micromark-extension-mdx-expression': [ '3.0.1' ],
39 silly audit   'micromark-extension-mdx-jsx': [ '3.0.2' ],
39 silly audit   'micromark-extension-mdx-md': [ '2.0.0' ],
39 silly audit   'micromark-extension-mdxjs': [ '3.0.0' ],
39 silly audit   'micromark-extension-mdxjs-esm': [ '3.0.0' ],
39 silly audit   'micromark-factory-destination': [ '2.0.1' ],
39 silly audit   'micromark-factory-label': [ '2.0.1' ],
39 silly audit   'micromark-factory-mdx-expression': [ '2.0.3' ],
39 silly audit   'micromark-factory-space': [ '2.0.1' ],
39 silly audit   'micromark-factory-title': [ '2.0.1' ],
39 silly audit   'micromark-factory-whitespace': [ '2.0.1' ],
39 silly audit   'micromark-util-character': [ '2.1.1' ],
39 silly audit   'micromark-util-chunked': [ '2.0.1' ],
39 silly audit   'micromark-util-classify-character': [ '2.0.1' ],
39 silly audit   'micromark-util-combine-extensions': [ '2.0.1' ],
39 silly audit   'micromark-util-decode-numeric-character-reference': [ '2.0.2' ],
39 silly audit   'micromark-util-decode-string': [ '2.0.1' ],
39 silly audit   'micromark-util-encode': [ '2.0.1' ],
39 silly audit   'micromark-util-events-to-acorn': [ '2.0.3' ],
39 silly audit   'micromark-util-html-tag-name': [ '2.0.1' ],
39 silly audit   'micromark-util-normalize-identifier': [ '2.0.1' ],
39 silly audit   'micromark-util-resolve-all': [ '2.0.1' ],
39 silly audit   'micromark-util-sanitize-uri': [ '2.0.1' ],
39 silly audit   'micromark-util-subtokenize': [ '2.1.0' ],
39 silly audit   'micromark-util-symbol': [ '2.0.1' ],
39 silly audit   'micromark-util-types': [ '2.0.2' ],
39 silly audit   micromatch: [ '4.0.8' ],
39 silly audit   minimist: [ '1.2.8' ],
39 silly audit   ms: [ '2.1.3' ],
39 silly audit   nanoid: [ '3.3.11' ],
39 silly audit   'napi-postinstall': [ '0.3.4' ],
39 silly audit   'natural-compare': [ '1.4.0' ],
39 silly audit   next: [ '16.1.6' ],
39 silly audit   'next-mdx-remote': [ '6.0.0' ],
39 silly audit   postcss: [ '8.4.31', '8.5.8' ],
39 silly audit   'node-exports-info': [ '1.6.0' ],
39 silly audit   'node-releases': [ '2.0.27' ],
39 silly audit   nwsapi: [ '2.2.23' ],
39 silly audit   'object-assign': [ '4.1.1' ],
39 silly audit   'object-inspect': [ '1.13.4' ],
39 silly audit   'object-keys': [ '1.1.1' ],
39 silly audit   'object.assign': [ '4.1.7' ],
39 silly audit   'object.entries': [ '1.1.9' ],
39 silly audit   'object.fromentries': [ '2.0.8' ],
39 silly audit   'object.groupby': [ '1.0.3' ],
39 silly audit   'object.values': [ '1.2.1' ],
39 silly audit   optionator: [ '0.9.4' ],
39 silly audit   'own-keys': [ '1.0.1' ],
39 silly audit   'p-limit': [ '3.1.0' ],
39 silly audit   'p-locate': [ '5.0.0' ],
39 silly audit   'parent-module': [ '1.0.1' ],
39 silly audit   'parse-entities': [ '4.0.2' ],
39 silly audit   parse5: [ '7.3.0' ],
39 silly audit   'path-exists': [ '4.0.0' ],
39 silly audit   'path-key': [ '3.1.1' ],
39 silly audit   'path-parse': [ '1.0.7' ],
39 silly audit   pathe: [ '2.0.3' ],
39 silly audit   pathval: [ '2.0.1' ],
39 silly audit   picocolors: [ '1.1.1' ],
39 silly audit   picomatch: [ '2.3.1', '4.0.3' ],
39 silly audit   'possible-typed-array-names': [ '1.1.0' ],
39 silly audit   'prelude-ls': [ '1.2.1' ],
39 silly audit   'prop-types': [ '15.8.1' ],
39 silly audit   'property-information': [ '7.1.0' ],
39 silly audit   punycode: [ '2.3.1' ],
39 silly audit   'queue-microtask': [ '1.2.3' ],
39 silly audit   react: [ '19.2.3' ],
39 silly audit   'react-dom': [ '19.2.3' ],
39 silly audit   'react-is': [ '16.13.1' ],
39 silly audit   'recma-build-jsx': [ '1.0.0' ],
39 silly audit   'recma-jsx': [ '1.0.1' ],
39 silly audit   'recma-parse': [ '1.0.0' ],
39 silly audit   'recma-stringify': [ '1.0.0' ],
39 silly audit   'reflect.getprototypeof': [ '1.0.10' ],
39 silly audit   'regexp.prototype.flags': [ '1.5.4' ],
39 silly audit   'rehype-recma': [ '1.0.0' ],
39 silly audit   'remark-gfm': [ '4.0.1' ],
39 silly audit   'remark-mdx': [ '3.1.1' ],
39 silly audit   'remark-parse': [ '11.0.0' ],
39 silly audit   'remark-rehype': [ '11.1.2' ],
39 silly audit   'remark-stringify': [ '11.0.0' ],
39 silly audit   'resolve-from': [ '4.0.0' ],
39 silly audit   'resolve-pkg-maps': [ '1.0.0' ],
39 silly audit   reusify: [ '1.1.0' ],
39 silly audit   rollup: [ '4.59.0' ],
39 silly audit   'rrweb-cssom': [ '0.8.0' ],
39 silly audit   'run-parallel': [ '1.2.0' ],
39 silly audit   'safe-array-concat': [ '1.1.3' ],
39 silly audit   'safe-push-apply': [ '1.0.0' ],
39 silly audit   'safe-regex-test': [ '1.1.0' ],
39 silly audit   'safer-buffer': [ '2.1.2' ],
39 silly audit   saxes: [ '6.0.0' ],
39 silly audit   scheduler: [ '0.27.0' ],
39 silly audit   'section-matter': [ '1.0.0' ],
39 silly audit   'set-function-length': [ '1.2.2' ],
39 silly audit   'set-function-name': [ '2.0.2' ],
39 silly audit   'set-proto': [ '1.0.0' ],
39 silly audit   sharp: [ '0.34.5' ],
39 silly audit   'shebang-command': [ '2.0.0' ],
39 silly audit   'shebang-regex': [ '3.0.0' ],
39 silly audit   'side-channel': [ '1.1.0' ],
39 silly audit   'side-channel-list': [ '1.0.0' ],
39 silly audit   'side-channel-map': [ '1.0.1' ],
39 silly audit   'side-channel-weakmap': [ '1.0.2' ],
39 silly audit   siginfo: [ '2.0.0' ],
39 silly audit   'source-map': [ '0.7.6' ],
39 silly audit   'source-map-js': [ '1.2.1' ],
39 silly audit   'space-separated-tokens': [ '2.0.2' ],
39 silly audit   'sprintf-js': [ '1.0.3' ],
39 silly audit   'stable-hash': [ '0.0.5' ],
39 silly audit   stackback: [ '0.0.2' ],
39 silly audit   'std-env': [ '3.10.0' ],
39 silly audit   'stop-iteration-iterator': [ '1.1.0' ],
39 silly audit   'string.prototype.includes': [ '2.0.1' ],
39 silly audit   'string.prototype.matchall': [ '4.0.12' ],
39 silly audit   'string.prototype.repeat': [ '1.0.0' ],
39 silly audit   'string.prototype.trim': [ '1.2.10' ],
39 silly audit   'string.prototype.trimend': [ '1.0.9' ],
39 silly audit   'string.prototype.trimstart': [ '1.0.8' ],
39 silly audit   'stringify-entities': [ '4.0.4' ],
39 silly audit   'strip-bom': [ '3.0.0' ],
39 silly audit   'strip-bom-string': [ '1.0.0' ],
39 silly audit   'strip-json-comments': [ '3.1.1' ],
39 silly audit   'strip-literal': [ '3.1.0' ],
39 silly audit   'style-to-js': [ '1.1.21' ],
39 silly audit   'style-to-object': [ '1.0.14' ],
39 silly audit   'styled-jsx': [ '5.1.6' ],
39 silly audit   'supports-color': [ '7.2.0' ],
39 silly audit   'supports-preserve-symlinks-flag': [ '1.0.0' ],
39 silly audit   'symbol-tree': [ '3.2.4' ],
39 silly audit   tailwindcss: [ '4.2.1' ],
39 silly audit   tapable: [ '2.3.0' ],
39 silly audit   tinybench: [ '2.9.0' ],
39 silly audit   tinyexec: [ '0.3.2' ],
39 silly audit   tinyglobby: [ '0.2.15' ],
39 silly audit   fdir: [ '6.5.0' ],
39 silly audit   tinypool: [ '1.1.1' ],
39 silly audit   tinyrainbow: [ '2.0.0' ],
39 silly audit   tinyspy: [ '4.0.4' ],
39 silly audit   tldts: [ '6.1.86' ],
39 silly audit   'tldts-core': [ '6.1.86' ],
39 silly audit   'to-regex-range': [ '5.0.1' ],
39 silly audit   'tough-cookie': [ '5.1.2' ],
39 silly audit   tr46: [ '5.1.1' ],
39 silly audit   'trim-lines': [ '3.0.1' ],
39 silly audit   trough: [ '2.2.0' ],
39 silly audit   'ts-api-utils': [ '2.4.0' ],
39 silly audit   'tsconfig-paths': [ '3.15.0' ],
39 silly audit   tslib: [ '2.8.1' ],
39 silly audit   'type-check': [ '0.4.0' ],
39 silly audit   'typed-array-buffer': [ '1.0.3' ],
39 silly audit   'typed-array-byte-length': [ '1.0.3' ],
39 silly audit   'typed-array-byte-offset': [ '1.0.4' ],
39 silly audit   'typed-array-length': [ '1.0.7' ],
39 silly audit   typescript: [ '5.9.3' ],
39 silly audit   'typescript-eslint': [ '8.56.1' ],
39 silly audit   'unbox-primitive': [ '1.1.0' ],
39 silly audit   'undici-types': [ '6.21.0' ],
39 silly audit   unified: [ '11.0.5' ],
39 silly audit   'unist-util-is': [ '6.0.1' ],
39 silly audit   'unist-util-position': [ '5.0.0' ],
39 silly audit   'unist-util-position-from-estree': [ '2.0.0' ],
39 silly audit   'unist-util-remove': [ '4.0.0' ],
39 silly audit   'unist-util-stringify-position': [ '4.0.0' ],
39 silly audit   'unist-util-visit': [ '5.1.0' ],
39 silly audit   'unist-util-visit-parents': [ '6.0.2' ],
39 silly audit   'unrs-resolver': [ '1.11.1' ],
39 silly audit   'update-browserslist-db': [ '1.2.3' ],
39 silly audit   'uri-js': [ '4.4.1' ],
39 silly audit   vfile: [ '6.0.3' ],
39 silly audit   'vfile-matter': [ '5.0.1' ],
39 silly audit   'vfile-message': [ '4.0.3' ],
39 silly audit   vite: [ '7.3.1' ],
39 silly audit   'vite-node': [ '3.2.4' ],
39 silly audit   vitest: [ '3.2.4' ],
39 silly audit   'w3c-xmlserializer': [ '5.0.0' ],
39 silly audit   'webidl-conversions': [ '7.0.0' ],
39 silly audit   'whatwg-encoding': [ '3.1.1' ],
39 silly audit   'whatwg-mimetype': [ '4.0.0' ],
39 silly audit   'whatwg-url': [ '14.2.0' ],
39 silly audit   which: [ '2.0.2' ],
39 silly audit   'which-boxed-primitive': [ '1.1.1' ],
39 silly audit   'which-builtin-type': [ '1.2.1' ],
39 silly audit   'which-collection': [ '1.0.2' ],
39 silly audit   'which-typed-array': [ '1.1.20' ],
39 silly audit   'why-is-node-running': [ '2.3.0' ],
39 silly audit   'word-wrap': [ '1.2.5' ],
39 silly audit   ws: [ '8.19.0' ],
39 silly audit   'xml-name-validator': [ '5.0.0' ],
39 silly audit   xmlchars: [ '2.2.0' ],
39 silly audit   yallist: [ '3.1.1' ],
39 silly audit   yaml: [ '2.8.2' ],
39 silly audit   'yocto-queue': [ '0.1.0' ],
39 silly audit   zod: [ '4.3.6' ],
39 silly audit   'zod-validation-error': [ '4.0.2' ],
39 silly audit   zwitch: [ '2.0.4' ],
39 silly audit   '@playwright/test': [ '1.58.2' ],
39 silly audit   playwright: [ '1.58.2' ],
39 silly audit   'playwright-core': [ '1.58.2' ],
39 silly audit   '@tailwindcss/oxide-wasm32-wasi': [ '4.2.1' ]
39 silly audit }
40 verbose reify failed optional dependency D:\DSA\web\node_modules\playwright\node_modules\fsevents
41 silly reify mark deleted [ 'D:\\DSA\\web\\node_modules\\playwright\\node_modules\\fsevents' ]
42 verbose reify failed optional dependency D:\DSA\web\node_modules\lightningcss-win32-arm64-msvc
43 silly reify mark deleted [ 'D:\\DSA\\web\\node_modules\\lightningcss-win32-arm64-msvc' ]
44 verbose reify failed optional dependency D:\DSA\web\node_modules\lightningcss-linux-x64-musl
45 silly reify mark deleted [ 'D:\\DSA\\web\\node_modules\\lightningcss-linux-x64-musl' ]
46 verbose reify failed optional dependency D:\DSA\web\node_modules\lightningcss-linux-x64-gnu
47 silly reify mark deleted [ 'D:\\DSA\\web\\node_modules\\lightningcss-linux-x64-gnu' ]
48 verbose reify failed optional dependency D:\DSA\web\node_modules\lightningcss-linux-arm64-musl
49 silly reify mark deleted [ 'D:\\DSA\\web\\node_modules\\lightningcss-linux-arm64-musl' ]
50 verbose reify failed optional dependency D:\DSA\web\node_modules\lightningcss-linux-arm64-gnu
51 silly reify mark deleted [ 'D:\\DSA\\web\\node_modules\\lightningcss-linux-arm64-gnu' ]
52 verbose reify failed optional dependency D:\DSA\web\node_modules\lightningcss-linux-arm-gnueabihf
53 silly reify mark deleted [ 'D:\\DSA\\web\\node_modules\\lightningcss-linux-arm-gnueabihf' ]
54 verbose reify failed optional dependency D:\DSA\web\node_modules\lightningcss-freebsd-x64
55 silly reify mark deleted [ 'D:\\DSA\\web\\node_modules\\lightningcss-freebsd-x64' ]
56 verbose reify failed optional dependency D:\DSA\web\node_modules\lightningcss-darwin-x64
57 silly reify mark deleted [ 'D:\\DSA\\web\\node_modules\\lightningcss-darwin-x64' ]
58 verbose reify failed optional dependency D:\DSA\web\node_modules\lightningcss-darwin-arm64
59 silly reify mark deleted [ 'D:\\DSA\\web\\node_modules\\lightningcss-darwin-arm64' ]
60 verbose reify failed optional dependency D:\DSA\web\node_modules\lightningcss-android-arm64
61 silly reify mark deleted [ 'D:\\DSA\\web\\node_modules\\lightningcss-android-arm64' ]
62 verbose reify failed optional dependency D:\DSA\web\node_modules\fsevents
63 silly reify mark deleted [ 'D:\\DSA\\web\\node_modules\\fsevents' ]
64 verbose reify failed optional dependency D:\DSA\web\node_modules\@unrs\resolver-binding-win32-ia32-msvc
65 silly reify mark deleted [
65 silly reify   'D:\\DSA\\web\\node_modules\\@unrs\\resolver-binding-win32-ia32-msvc'
65 silly reify ]
66 verbose reify failed optional dependency D:\DSA\web\node_modules\@unrs\resolver-binding-win32-arm64-msvc
67 silly reify mark deleted [
67 silly reify   'D:\\DSA\\web\\node_modules\\@unrs\\resolver-binding-win32-arm64-msvc'
67 silly reify ]
68 verbose reify failed optional dependency D:\DSA\web\node_modules\@unrs\resolver-binding-wasm32-wasi
69 silly reify mark deleted [ 'D:\\DSA\\web\\node_modules\\@unrs\\resolver-binding-wasm32-wasi' ]
70 verbose reify failed optional dependency D:\DSA\web\node_modules\@unrs\resolver-binding-linux-x64-musl
71 silly reify mark deleted [
71 silly reify   'D:\\DSA\\web\\node_modules\\@unrs\\resolver-binding-linux-x64-musl'
71 silly reify ]
72 verbose reify failed optional dependency D:\DSA\web\node_modules\@unrs\resolver-binding-linux-x64-gnu
73 silly reify mark deleted [ 'D:\\DSA\\web\\node_modules\\@unrs\\resolver-binding-linux-x64-gnu' ]
74 verbose reify failed optional dependency D:\DSA\web\node_modules\@unrs\resolver-binding-linux-s390x-gnu
75 silly reify mark deleted [
75 silly reify   'D:\\DSA\\web\\node_modules\\@unrs\\resolver-binding-linux-s390x-gnu'
75 silly reify ]
76 verbose reify failed optional dependency D:\DSA\web\node_modules\@unrs\resolver-binding-linux-riscv64-musl
77 silly reify mark deleted [
77 silly reify   'D:\\DSA\\web\\node_modules\\@unrs\\resolver-binding-linux-riscv64-musl'
77 silly reify ]
78 verbose reify failed optional dependency D:\DSA\web\node_modules\@unrs\resolver-binding-linux-riscv64-gnu
79 silly reify mark deleted [
79 silly reify   'D:\\DSA\\web\\node_modules\\@unrs\\resolver-binding-linux-riscv64-gnu'
79 silly reify ]
80 verbose reify failed optional dependency D:\DSA\web\node_modules\@unrs\resolver-binding-linux-ppc64-gnu
81 silly reify mark deleted [
81 silly reify   'D:\\DSA\\web\\node_modules\\@unrs\\resolver-binding-linux-ppc64-gnu'
81 silly reify ]
82 verbose reify failed optional dependency D:\DSA\web\node_modules\@unrs\resolver-binding-linux-arm64-musl
83 silly reify mark deleted [
83 silly reify   'D:\\DSA\\web\\node_modules\\@unrs\\resolver-binding-linux-arm64-musl'
83 silly reify ]
84 verbose reify failed optional dependency D:\DSA\web\node_modules\@unrs\resolver-binding-linux-arm64-gnu
85 silly reify mark deleted [
85 silly reify   'D:\\DSA\\web\\node_modules\\@unrs\\resolver-binding-linux-arm64-gnu'
85 silly reify ]
86 verbose reify failed optional dependency D:\DSA\web\node_modules\@unrs\resolver-binding-linux-arm-musleabihf
87 silly reify mark deleted [
87 silly reify   'D:\\DSA\\web\\node_modules\\@unrs\\resolver-binding-linux-arm-musleabihf'
87 silly reify ]
88 verbose reify failed optional dependency D:\DSA\web\node_modules\@unrs\resolver-binding-linux-arm-gnueabihf
89 silly reify mark deleted [
89 silly reify   'D:\\DSA\\web\\node_modules\\@unrs\\resolver-binding-linux-arm-gnueabihf'
89 silly reify ]
90 verbose reify failed optional dependency D:\DSA\web\node_modules\@unrs\resolver-binding-freebsd-x64
91 silly reify mark deleted [ 'D:\\DSA\\web\\node_modules\\@unrs\\resolver-binding-freebsd-x64' ]
92 verbose reify failed optional dependency D:\DSA\web\node_modules\@unrs\resolver-binding-darwin-x64
93 silly reify mark deleted [ 'D:\\DSA\\web\\node_modules\\@unrs\\resolver-binding-darwin-x64' ]
94 verbose reify failed optional dependency D:\DSA\web\node_modules\@unrs\resolver-binding-darwin-arm64
95 silly reify mark deleted [ 'D:\\DSA\\web\\node_modules\\@unrs\\resolver-binding-darwin-arm64' ]
96 verbose reify failed optional dependency D:\DSA\web\node_modules\@unrs\resolver-binding-android-arm64
97 silly reify mark deleted [ 'D:\\DSA\\web\\node_modules\\@unrs\\resolver-binding-android-arm64' ]
98 verbose reify failed optional dependency D:\DSA\web\node_modules\@unrs\resolver-binding-android-arm-eabi
99 silly reify mark deleted [
99 silly reify   'D:\\DSA\\web\\node_modules\\@unrs\\resolver-binding-android-arm-eabi'
99 silly reify ]
100 verbose reify failed optional dependency D:\DSA\web\node_modules\@tailwindcss\oxide-win32-arm64-msvc
101 silly reify mark deleted [ 'D:\\DSA\\web\\node_modules\\@tailwindcss\\oxide-win32-arm64-msvc' ]
102 verbose reify failed optional dependency D:\DSA\web\node_modules\@tailwindcss\oxide-linux-x64-musl
103 silly reify mark deleted [ 'D:\\DSA\\web\\node_modules\\@tailwindcss\\oxide-linux-x64-musl' ]
104 verbose reify failed optional dependency D:\DSA\web\node_modules\@tailwindcss\oxide-linux-x64-gnu
105 silly reify mark deleted [ 'D:\\DSA\\web\\node_modules\\@tailwindcss\\oxide-linux-x64-gnu' ]
106 verbose reify failed optional dependency D:\DSA\web\node_modules\@tailwindcss\oxide-linux-arm64-musl
107 silly reify mark deleted [ 'D:\\DSA\\web\\node_modules\\@tailwindcss\\oxide-linux-arm64-musl' ]
108 verbose reify failed optional dependency D:\DSA\web\node_modules\@tailwindcss\oxide-linux-arm64-gnu
109 silly reify mark deleted [ 'D:\\DSA\\web\\node_modules\\@tailwindcss\\oxide-linux-arm64-gnu' ]
110 verbose reify failed optional dependency D:\DSA\web\node_modules\@tailwindcss\oxide-linux-arm-gnueabihf
111 silly reify mark deleted [
111 silly reify   'D:\\DSA\\web\\node_modules\\@tailwindcss\\oxide-linux-arm-gnueabihf'
111 silly reify ]
112 verbose reify failed optional dependency D:\DSA\web\node_modules\@tailwindcss\oxide-freebsd-x64
113 silly reify mark deleted [ 'D:\\DSA\\web\\node_modules\\@tailwindcss\\oxide-freebsd-x64' ]
114 verbose reify failed optional dependency D:\DSA\web\node_modules\@tailwindcss\oxide-darwin-x64
115 silly reify mark deleted [ 'D:\\DSA\\web\\node_modules\\@tailwindcss\\oxide-darwin-x64' ]
116 verbose reify failed optional dependency D:\DSA\web\node_modules\@tailwindcss\oxide-darwin-arm64
117 silly reify mark deleted [ 'D:\\DSA\\web\\node_modules\\@tailwindcss\\oxide-darwin-arm64' ]
118 verbose reify failed optional dependency D:\DSA\web\node_modules\@tailwindcss\oxide-android-arm64
119 silly reify mark deleted [ 'D:\\DSA\\web\\node_modules\\@tailwindcss\\oxide-android-arm64' ]
120 verbose reify failed optional dependency D:\DSA\web\node_modules\@rollup\rollup-win32-ia32-msvc
121 silly reify mark deleted [ 'D:\\DSA\\web\\node_modules\\@rollup\\rollup-win32-ia32-msvc' ]
122 verbose reify failed optional dependency D:\DSA\web\node_modules\@rollup\rollup-win32-arm64-msvc
123 silly reify mark deleted [ 'D:\\DSA\\web\\node_modules\\@rollup\\rollup-win32-arm64-msvc' ]
124 verbose reify failed optional dependency D:\DSA\web\node_modules\@rollup\rollup-openharmony-arm64
125 silly reify mark deleted [ 'D:\\DSA\\web\\node_modules\\@rollup\\rollup-openharmony-arm64' ]
126 verbose reify failed optional dependency D:\DSA\web\node_modules\@rollup\rollup-openbsd-x64
127 silly reify mark deleted [ 'D:\\DSA\\web\\node_modules\\@rollup\\rollup-openbsd-x64' ]
128 verbose reify failed optional dependency D:\DSA\web\node_modules\@rollup\rollup-linux-x64-musl
129 silly reify mark deleted [ 'D:\\DSA\\web\\node_modules\\@rollup\\rollup-linux-x64-musl' ]
130 verbose reify failed optional dependency D:\DSA\web\node_modules\@rollup\rollup-linux-x64-gnu
131 silly reify mark deleted [ 'D:\\DSA\\web\\node_modules\\@rollup\\rollup-linux-x64-gnu' ]
132 verbose reify failed optional dependency D:\DSA\web\node_modules\@rollup\rollup-linux-s390x-gnu
133 silly reify mark deleted [ 'D:\\DSA\\web\\node_modules\\@rollup\\rollup-linux-s390x-gnu' ]
134 verbose reify failed optional dependency D:\DSA\web\node_modules\@rollup\rollup-linux-riscv64-musl
135 silly reify mark deleted [ 'D:\\DSA\\web\\node_modules\\@rollup\\rollup-linux-riscv64-musl' ]
136 verbose reify failed optional dependency D:\DSA\web\node_modules\@rollup\rollup-linux-riscv64-gnu
137 silly reify mark deleted [ 'D:\\DSA\\web\\node_modules\\@rollup\\rollup-linux-riscv64-gnu' ]
138 verbose reify failed optional dependency D:\DSA\web\node_modules\@rollup\rollup-linux-ppc64-musl
139 silly reify mark deleted [ 'D:\\DSA\\web\\node_modules\\@rollup\\rollup-linux-ppc64-musl' ]
140 verbose reify failed optional dependency D:\DSA\web\node_modules\@rollup\rollup-linux-ppc64-gnu
141 silly reify mark deleted [ 'D:\\DSA\\web\\node_modules\\@rollup\\rollup-linux-ppc64-gnu' ]
142 verbose reify failed optional dependency D:\DSA\web\node_modules\@rollup\rollup-linux-loong64-musl
143 silly reify mark deleted [ 'D:\\DSA\\web\\node_modules\\@rollup\\rollup-linux-loong64-musl' ]
144 verbose reify failed optional dependency D:\DSA\web\node_modules\@rollup\rollup-linux-loong64-gnu
145 silly reify mark deleted [ 'D:\\DSA\\web\\node_modules\\@rollup\\rollup-linux-loong64-gnu' ]
146 verbose reify failed optional dependency D:\DSA\web\node_modules\@rollup\rollup-linux-arm64-musl
147 silly reify mark deleted [ 'D:\\DSA\\web\\node_modules\\@rollup\\rollup-linux-arm64-musl' ]
148 verbose reify failed optional dependency D:\DSA\web\node_modules\@rollup\rollup-linux-arm64-gnu
149 silly reify mark deleted [ 'D:\\DSA\\web\\node_modules\\@rollup\\rollup-linux-arm64-gnu' ]
150 verbose reify failed optional dependency D:\DSA\web\node_modules\@rollup\rollup-linux-arm-musleabihf
151 silly reify mark deleted [ 'D:\\DSA\\web\\node_modules\\@rollup\\rollup-linux-arm-musleabihf' ]
152 verbose reify failed optional dependency D:\DSA\web\node_modules\@rollup\rollup-linux-arm-gnueabihf
153 silly reify mark deleted [ 'D:\\DSA\\web\\node_modules\\@rollup\\rollup-linux-arm-gnueabihf' ]
154 verbose reify failed optional dependency D:\DSA\web\node_modules\@rollup\rollup-freebsd-x64
155 silly reify mark deleted [ 'D:\\DSA\\web\\node_modules\\@rollup\\rollup-freebsd-x64' ]
156 verbose reify failed optional dependency D:\DSA\web\node_modules\@rollup\rollup-freebsd-arm64
157 silly reify mark deleted [ 'D:\\DSA\\web\\node_modules\\@rollup\\rollup-freebsd-arm64' ]
158 verbose reify failed optional dependency D:\DSA\web\node_modules\@rollup\rollup-darwin-x64
159 silly reify mark deleted [ 'D:\\DSA\\web\\node_modules\\@rollup\\rollup-darwin-x64' ]
160 verbose reify failed optional dependency D:\DSA\web\node_modules\@rollup\rollup-darwin-arm64
161 silly reify mark deleted [ 'D:\\DSA\\web\\node_modules\\@rollup\\rollup-darwin-arm64' ]
162 verbose reify failed optional dependency D:\DSA\web\node_modules\@rollup\rollup-android-arm64
163 silly reify mark deleted [ 'D:\\DSA\\web\\node_modules\\@rollup\\rollup-android-arm64' ]
164 verbose reify failed optional dependency D:\DSA\web\node_modules\@rollup\rollup-android-arm-eabi
165 silly reify mark deleted [ 'D:\\DSA\\web\\node_modules\\@rollup\\rollup-android-arm-eabi' ]
166 verbose reify failed optional dependency D:\DSA\web\node_modules\@next\swc-win32-arm64-msvc
167 silly reify mark deleted [ 'D:\\DSA\\web\\node_modules\\@next\\swc-win32-arm64-msvc' ]
168 verbose reify failed optional dependency D:\DSA\web\node_modules\@next\swc-linux-x64-musl
169 silly reify mark deleted [ 'D:\\DSA\\web\\node_modules\\@next\\swc-linux-x64-musl' ]
170 verbose reify failed optional dependency D:\DSA\web\node_modules\@next\swc-linux-x64-gnu
171 silly reify mark deleted [ 'D:\\DSA\\web\\node_modules\\@next\\swc-linux-x64-gnu' ]
172 verbose reify failed optional dependency D:\DSA\web\node_modules\@next\swc-linux-arm64-musl
173 silly reify mark deleted [ 'D:\\DSA\\web\\node_modules\\@next\\swc-linux-arm64-musl' ]
174 verbose reify failed optional dependency D:\DSA\web\node_modules\@next\swc-linux-arm64-gnu
175 silly reify mark deleted [ 'D:\\DSA\\web\\node_modules\\@next\\swc-linux-arm64-gnu' ]
176 verbose reify failed optional dependency D:\DSA\web\node_modules\@next\swc-darwin-x64
177 silly reify mark deleted [ 'D:\\DSA\\web\\node_modules\\@next\\swc-darwin-x64' ]
178 verbose reify failed optional dependency D:\DSA\web\node_modules\@next\swc-darwin-arm64
179 silly reify mark deleted [ 'D:\\DSA\\web\\node_modules\\@next\\swc-darwin-arm64' ]
180 verbose reify failed optional dependency D:\DSA\web\node_modules\@img\sharp-win32-ia32
181 silly reify mark deleted [ 'D:\\DSA\\web\\node_modules\\@img\\sharp-win32-ia32' ]
182 verbose reify failed optional dependency D:\DSA\web\node_modules\@img\sharp-win32-arm64
183 silly reify mark deleted [ 'D:\\DSA\\web\\node_modules\\@img\\sharp-win32-arm64' ]
184 verbose reify failed optional dependency D:\DSA\web\node_modules\@img\sharp-wasm32
185 silly reify mark deleted [ 'D:\\DSA\\web\\node_modules\\@img\\sharp-wasm32' ]
186 verbose reify failed optional dependency D:\DSA\web\node_modules\@img\sharp-linuxmusl-x64
187 silly reify mark deleted [ 'D:\\DSA\\web\\node_modules\\@img\\sharp-linuxmusl-x64' ]
188 verbose reify failed optional dependency D:\DSA\web\node_modules\@img\sharp-linuxmusl-arm64
189 silly reify mark deleted [ 'D:\\DSA\\web\\node_modules\\@img\\sharp-linuxmusl-arm64' ]
190 verbose reify failed optional dependency D:\DSA\web\node_modules\@img\sharp-linux-x64
191 silly reify mark deleted [ 'D:\\DSA\\web\\node_modules\\@img\\sharp-linux-x64' ]
192 verbose reify failed optional dependency D:\DSA\web\node_modules\@img\sharp-linux-s390x
193 silly reify mark deleted [ 'D:\\DSA\\web\\node_modules\\@img\\sharp-linux-s390x' ]
194 verbose reify failed optional dependency D:\DSA\web\node_modules\@img\sharp-linux-riscv64
195 silly reify mark deleted [ 'D:\\DSA\\web\\node_modules\\@img\\sharp-linux-riscv64' ]
196 verbose reify failed optional dependency D:\DSA\web\node_modules\@img\sharp-linux-ppc64
197 silly reify mark deleted [ 'D:\\DSA\\web\\node_modules\\@img\\sharp-linux-ppc64' ]
198 verbose reify failed optional dependency D:\DSA\web\node_modules\@img\sharp-linux-arm64
199 silly reify mark deleted [ 'D:\\DSA\\web\\node_modules\\@img\\sharp-linux-arm64' ]
200 verbose reify failed optional dependency D:\DSA\web\node_modules\@img\sharp-linux-arm
201 silly reify mark deleted [ 'D:\\DSA\\web\\node_modules\\@img\\sharp-linux-arm' ]
202 verbose reify failed optional dependency D:\DSA\web\node_modules\@img\sharp-libvips-linuxmusl-x64
203 silly reify mark deleted [ 'D:\\DSA\\web\\node_modules\\@img\\sharp-libvips-linuxmusl-x64' ]
204 verbose reify failed optional dependency D:\DSA\web\node_modules\@img\sharp-libvips-linuxmusl-arm64
205 silly reify mark deleted [ 'D:\\DSA\\web\\node_modules\\@img\\sharp-libvips-linuxmusl-arm64' ]
206 verbose reify failed optional dependency D:\DSA\web\node_modules\@img\sharp-libvips-linux-x64
207 silly reify mark deleted [ 'D:\\DSA\\web\\node_modules\\@img\\sharp-libvips-linux-x64' ]
208 verbose reify failed optional dependency D:\DSA\web\node_modules\@img\sharp-libvips-linux-s390x
209 silly reify mark deleted [ 'D:\\DSA\\web\\node_modules\\@img\\sharp-libvips-linux-s390x' ]
210 verbose reify failed optional dependency D:\DSA\web\node_modules\@img\sharp-libvips-linux-riscv64
211 silly reify mark deleted [ 'D:\\DSA\\web\\node_modules\\@img\\sharp-libvips-linux-riscv64' ]
212 verbose reify failed optional dependency D:\DSA\web\node_modules\@img\sharp-libvips-linux-ppc64
213 silly reify mark deleted [ 'D:\\DSA\\web\\node_modules\\@img\\sharp-libvips-linux-ppc64' ]
214 verbose reify failed optional dependency D:\DSA\web\node_modules\@img\sharp-libvips-linux-arm64
215 silly reify mark deleted [ 'D:\\DSA\\web\\node_modules\\@img\\sharp-libvips-linux-arm64' ]
216 verbose reify failed optional dependency D:\DSA\web\node_modules\@img\sharp-libvips-linux-arm
217 silly reify mark deleted [ 'D:\\DSA\\web\\node_modules\\@img\\sharp-libvips-linux-arm' ]
218 verbose reify failed optional dependency D:\DSA\web\node_modules\@img\sharp-libvips-darwin-x64
219 silly reify mark deleted [ 'D:\\DSA\\web\\node_modules\\@img\\sharp-libvips-darwin-x64' ]
220 verbose reify failed optional dependency D:\DSA\web\node_modules\@img\sharp-libvips-darwin-arm64
221 silly reify mark deleted [ 'D:\\DSA\\web\\node_modules\\@img\\sharp-libvips-darwin-arm64' ]
222 verbose reify failed optional dependency D:\DSA\web\node_modules\@img\sharp-darwin-x64
223 silly reify mark deleted [ 'D:\\DSA\\web\\node_modules\\@img\\sharp-darwin-x64' ]
224 verbose reify failed optional dependency D:\DSA\web\node_modules\@img\sharp-darwin-arm64
225 silly reify mark deleted [ 'D:\\DSA\\web\\node_modules\\@img\\sharp-darwin-arm64' ]
226 verbose reify failed optional dependency D:\DSA\web\node_modules\@esbuild\win32-ia32
227 silly reify mark deleted [ 'D:\\DSA\\web\\node_modules\\@esbuild\\win32-ia32' ]
228 verbose reify failed optional dependency D:\DSA\web\node_modules\@esbuild\win32-arm64
229 silly reify mark deleted [ 'D:\\DSA\\web\\node_modules\\@esbuild\\win32-arm64' ]
230 verbose reify failed optional dependency D:\DSA\web\node_modules\@esbuild\sunos-x64
231 silly reify mark deleted [ 'D:\\DSA\\web\\node_modules\\@esbuild\\sunos-x64' ]
232 verbose reify failed optional dependency D:\DSA\web\node_modules\@esbuild\openharmony-arm64
233 silly reify mark deleted [ 'D:\\DSA\\web\\node_modules\\@esbuild\\openharmony-arm64' ]
234 verbose reify failed optional dependency D:\DSA\web\node_modules\@esbuild\openbsd-x64
235 silly reify mark deleted [ 'D:\\DSA\\web\\node_modules\\@esbuild\\openbsd-x64' ]
236 verbose reify failed optional dependency D:\DSA\web\node_modules\@esbuild\openbsd-arm64
237 silly reify mark deleted [ 'D:\\DSA\\web\\node_modules\\@esbuild\\openbsd-arm64' ]
238 verbose reify failed optional dependency D:\DSA\web\node_modules\@esbuild\netbsd-x64
239 silly reify mark deleted [ 'D:\\DSA\\web\\node_modules\\@esbuild\\netbsd-x64' ]
240 verbose reify failed optional dependency D:\DSA\web\node_modules\@esbuild\netbsd-arm64
241 silly reify mark deleted [ 'D:\\DSA\\web\\node_modules\\@esbuild\\netbsd-arm64' ]
242 verbose reify failed optional dependency D:\DSA\web\node_modules\@esbuild\linux-x64
243 silly reify mark deleted [ 'D:\\DSA\\web\\node_modules\\@esbuild\\linux-x64' ]
244 verbose reify failed optional dependency D:\DSA\web\node_modules\@esbuild\linux-s390x
245 silly reify mark deleted [ 'D:\\DSA\\web\\node_modules\\@esbuild\\linux-s390x' ]
246 verbose reify failed optional dependency D:\DSA\web\node_modules\@esbuild\linux-riscv64
247 silly reify mark deleted [ 'D:\\DSA\\web\\node_modules\\@esbuild\\linux-riscv64' ]
248 verbose reify failed optional dependency D:\DSA\web\node_modules\@esbuild\linux-ppc64
249 silly reify mark deleted [ 'D:\\DSA\\web\\node_modules\\@esbuild\\linux-ppc64' ]
250 verbose reify failed optional dependency D:\DSA\web\node_modules\@esbuild\linux-mips64el
251 silly reify mark deleted [ 'D:\\DSA\\web\\node_modules\\@esbuild\\linux-mips64el' ]
252 verbose reify failed optional dependency D:\DSA\web\node_modules\@esbuild\linux-loong64
253 silly reify mark deleted [ 'D:\\DSA\\web\\node_modules\\@esbuild\\linux-loong64' ]
254 verbose reify failed optional dependency D:\DSA\web\node_modules\@esbuild\linux-ia32
255 silly reify mark deleted [ 'D:\\DSA\\web\\node_modules\\@esbuild\\linux-ia32' ]
256 verbose reify failed optional dependency D:\DSA\web\node_modules\@esbuild\linux-arm64
257 silly reify mark deleted [ 'D:\\DSA\\web\\node_modules\\@esbuild\\linux-arm64' ]
258 verbose reify failed optional dependency D:\DSA\web\node_modules\@esbuild\linux-arm
259 silly reify mark deleted [ 'D:\\DSA\\web\\node_modules\\@esbuild\\linux-arm' ]
260 verbose reify failed optional dependency D:\DSA\web\node_modules\@esbuild\freebsd-x64
261 silly reify mark deleted [ 'D:\\DSA\\web\\node_modules\\@esbuild\\freebsd-x64' ]
262 verbose reify failed optional dependency D:\DSA\web\node_modules\@esbuild\freebsd-arm64
263 silly reify mark deleted [ 'D:\\DSA\\web\\node_modules\\@esbuild\\freebsd-arm64' ]
264 verbose reify failed optional dependency D:\DSA\web\node_modules\@esbuild\darwin-x64
265 silly reify mark deleted [ 'D:\\DSA\\web\\node_modules\\@esbuild\\darwin-x64' ]
266 verbose reify failed optional dependency D:\DSA\web\node_modules\@esbuild\darwin-arm64
267 silly reify mark deleted [ 'D:\\DSA\\web\\node_modules\\@esbuild\\darwin-arm64' ]
268 verbose reify failed optional dependency D:\DSA\web\node_modules\@esbuild\android-x64
269 silly reify mark deleted [ 'D:\\DSA\\web\\node_modules\\@esbuild\\android-x64' ]
270 verbose reify failed optional dependency D:\DSA\web\node_modules\@esbuild\android-arm64
271 silly reify mark deleted [ 'D:\\DSA\\web\\node_modules\\@esbuild\\android-arm64' ]
272 verbose reify failed optional dependency D:\DSA\web\node_modules\@esbuild\android-arm
273 silly reify mark deleted [ 'D:\\DSA\\web\\node_modules\\@esbuild\\android-arm' ]
274 verbose reify failed optional dependency D:\DSA\web\node_modules\@esbuild\aix-ppc64
275 silly reify mark deleted [ 'D:\\DSA\\web\\node_modules\\@esbuild\\aix-ppc64' ]
276 http cache playwright-core@https://registry.npmjs.org/playwright-core/-/playwright-core-1.58.2.tgz 0ms (cache hit)
277 silly tarball no local data for playwright-core@https://registry.npmjs.org/playwright-core/-/playwright-core-1.58.2.tgz. Extracting by manifest.
278 http cache @playwright/test@https://registry.npmjs.org/@playwright/test/-/test-1.58.2.tgz 0ms (cache hit)
279 http cache playwright@https://registry.npmjs.org/playwright/-/playwright-1.58.2.tgz 0ms (cache hit)
280 silly tarball no local data for @playwright/test@https://registry.npmjs.org/@playwright/test/-/test-1.58.2.tgz. Extracting by manifest.
281 silly tarball no local data for playwright@https://registry.npmjs.org/playwright/-/playwright-1.58.2.tgz. Extracting by manifest.
282 http fetch POST 200 https://registry.npmjs.org/-/npm/v1/security/advisories/bulk 442ms
283 silly audit report {}
284 http fetch GET 200 https://registry.npmjs.org/@playwright/test/-/test-1.58.2.tgz 968ms (cache miss)
285 http fetch GET 200 https://registry.npmjs.org/playwright-core/-/playwright-core-1.58.2.tgz 1158ms (cache miss)
286 http fetch GET 200 https://registry.npmjs.org/playwright/-/playwright-1.58.2.tgz 1383ms (cache miss)
287 silly ADD node_modules/playwright-core
288 silly ADD node_modules/playwright
289 silly ADD node_modules/playwright/node_modules/fsevents
290 silly ADD node_modules/@playwright/test
291 silly ADD node_modules/lightningcss-win32-arm64-msvc
292 silly ADD node_modules/lightningcss-linux-x64-musl
293 silly ADD node_modules/lightningcss-linux-x64-gnu
294 silly ADD node_modules/lightningcss-linux-arm64-musl
295 silly ADD node_modules/lightningcss-linux-arm64-gnu
296 silly ADD node_modules/lightningcss-linux-arm-gnueabihf
297 silly ADD node_modules/lightningcss-freebsd-x64
298 silly ADD node_modules/lightningcss-darwin-x64
299 silly ADD node_modules/lightningcss-darwin-arm64
300 silly ADD node_modules/lightningcss-android-arm64
301 silly ADD node_modules/fsevents
302 silly ADD node_modules/@unrs/resolver-binding-win32-ia32-msvc
303 silly ADD node_modules/@unrs/resolver-binding-win32-arm64-msvc
304 silly ADD node_modules/@unrs/resolver-binding-wasm32-wasi
305 silly ADD node_modules/@unrs/resolver-binding-linux-x64-musl
306 silly ADD node_modules/@unrs/resolver-binding-linux-x64-gnu
307 silly ADD node_modules/@unrs/resolver-binding-linux-s390x-gnu
308 silly ADD node_modules/@unrs/resolver-binding-linux-riscv64-musl
309 silly ADD node_modules/@unrs/resolver-binding-linux-riscv64-gnu
310 silly ADD node_modules/@unrs/resolver-binding-linux-ppc64-gnu
311 silly ADD node_modules/@unrs/resolver-binding-linux-arm64-musl
312 silly ADD node_modules/@unrs/resolver-binding-linux-arm64-gnu
313 silly ADD node_modules/@unrs/resolver-binding-linux-arm-musleabihf
314 silly ADD node_modules/@unrs/resolver-binding-linux-arm-gnueabihf
315 silly ADD node_modules/@unrs/resolver-binding-freebsd-x64
316 silly ADD node_modules/@unrs/resolver-binding-darwin-x64
317 silly ADD node_modules/@unrs/resolver-binding-darwin-arm64
318 silly ADD node_modules/@unrs/resolver-binding-android-arm64
319 silly ADD node_modules/@unrs/resolver-binding-android-arm-eabi
320 silly ADD node_modules/@tailwindcss/oxide-win32-arm64-msvc
321 silly ADD node_modules/@tailwindcss/oxide-wasm32-wasi
322 silly ADD node_modules/@tailwindcss/oxide-linux-x64-musl
323 silly ADD node_modules/@tailwindcss/oxide-linux-x64-gnu
324 silly ADD node_modules/@tailwindcss/oxide-linux-arm64-musl
325 silly ADD node_modules/@tailwindcss/oxide-linux-arm64-gnu
326 silly ADD node_modules/@tailwindcss/oxide-linux-arm-gnueabihf
327 silly ADD node_modules/@tailwindcss/oxide-freebsd-x64
328 silly ADD node_modules/@tailwindcss/oxide-darwin-x64
329 silly ADD node_modules/@tailwindcss/oxide-darwin-arm64
330 silly ADD node_modules/@tailwindcss/oxide-android-arm64
331 silly ADD node_modules/@rollup/rollup-win32-ia32-msvc
332 silly ADD node_modules/@rollup/rollup-win32-arm64-msvc
333 silly ADD node_modules/@rollup/rollup-openharmony-arm64
334 silly ADD node_modules/@rollup/rollup-openbsd-x64
335 silly ADD node_modules/@rollup/rollup-linux-x64-musl
336 silly ADD node_modules/@rollup/rollup-linux-x64-gnu
337 silly ADD node_modules/@rollup/rollup-linux-s390x-gnu
338 silly ADD node_modules/@rollup/rollup-linux-riscv64-musl
339 silly ADD node_modules/@rollup/rollup-linux-riscv64-gnu
340 silly ADD node_modules/@rollup/rollup-linux-ppc64-musl
341 silly ADD node_modules/@rollup/rollup-linux-ppc64-gnu
342 silly ADD node_modules/@rollup/rollup-linux-loong64-musl
343 silly ADD node_modules/@rollup/rollup-linux-loong64-gnu
344 silly ADD node_modules/@rollup/rollup-linux-arm64-musl
345 silly ADD node_modules/@rollup/rollup-linux-arm64-gnu
346 silly ADD node_modules/@rollup/rollup-linux-arm-musleabihf
347 silly ADD node_modules/@rollup/rollup-linux-arm-gnueabihf
348 silly ADD node_modules/@rollup/rollup-freebsd-x64
349 silly ADD node_modules/@rollup/rollup-freebsd-arm64
350 silly ADD node_modules/@rollup/rollup-darwin-x64
351 silly ADD node_modules/@rollup/rollup-darwin-arm64
352 silly ADD node_modules/@rollup/rollup-android-arm64
353 silly ADD node_modules/@rollup/rollup-android-arm-eabi
354 silly ADD node_modules/@next/swc-win32-arm64-msvc
355 silly ADD node_modules/@next/swc-linux-x64-musl
356 silly ADD node_modules/@next/swc-linux-x64-gnu
357 silly ADD node_modules/@next/swc-linux-arm64-musl
358 silly ADD node_modules/@next/swc-linux-arm64-gnu
359 silly ADD node_modules/@next/swc-darwin-x64
360 silly ADD node_modules/@next/swc-darwin-arm64
361 silly ADD node_modules/@img/sharp-win32-ia32
362 silly ADD node_modules/@img/sharp-win32-arm64
363 silly ADD node_modules/@img/sharp-wasm32
364 silly ADD node_modules/@img/sharp-linuxmusl-x64
365 silly ADD node_modules/@img/sharp-linuxmusl-arm64
366 silly ADD node_modules/@img/sharp-linux-x64
367 silly ADD node_modules/@img/sharp-linux-s390x
368 silly ADD node_modules/@img/sharp-linux-riscv64
369 silly ADD node_modules/@img/sharp-linux-ppc64
370 silly ADD node_modules/@img/sharp-linux-arm64
371 silly ADD node_modules/@img/sharp-linux-arm
372 silly ADD node_modules/@img/sharp-libvips-linuxmusl-x64
373 silly ADD node_modules/@img/sharp-libvips-linuxmusl-arm64
374 silly ADD node_modules/@img/sharp-libvips-linux-x64
375 silly ADD node_modules/@img/sharp-libvips-linux-s390x
376 silly ADD node_modules/@img/sharp-libvips-linux-riscv64
377 silly ADD node_modules/@img/sharp-libvips-linux-ppc64
378 silly ADD node_modules/@img/sharp-libvips-linux-arm64
379 silly ADD node_modules/@img/sharp-libvips-linux-arm
380 silly ADD node_modules/@img/sharp-libvips-darwin-x64
381 silly ADD node_modules/@img/sharp-libvips-darwin-arm64
382 silly ADD node_modules/@img/sharp-darwin-x64
383 silly ADD node_modules/@img/sharp-darwin-arm64
384 silly ADD node_modules/@esbuild/win32-ia32
385 silly ADD node_modules/@esbuild/win32-arm64
386 silly ADD node_modules/@esbuild/sunos-x64
387 silly ADD node_modules/@esbuild/openharmony-arm64
388 silly ADD node_modules/@esbuild/openbsd-x64
389 silly ADD node_modules/@esbuild/openbsd-arm64
390 silly ADD node_modules/@esbuild/netbsd-x64
391 silly ADD node_modules/@esbuild/netbsd-arm64
392 silly ADD node_modules/@esbuild/linux-x64
393 silly ADD node_modules/@esbuild/linux-s390x
394 silly ADD node_modules/@esbuild/linux-riscv64
395 silly ADD node_modules/@esbuild/linux-ppc64
396 silly ADD node_modules/@esbuild/linux-mips64el
397 silly ADD node_modules/@esbuild/linux-loong64
398 silly ADD node_modules/@esbuild/linux-ia32
399 silly ADD node_modules/@esbuild/linux-arm64
400 silly ADD node_modules/@esbuild/linux-arm
401 silly ADD node_modules/@esbuild/freebsd-x64
402 silly ADD node_modules/@esbuild/freebsd-arm64
403 silly ADD node_modules/@esbuild/darwin-x64
404 silly ADD node_modules/@esbuild/darwin-arm64
405 silly ADD node_modules/@esbuild/android-x64
406 silly ADD node_modules/@esbuild/android-arm64
407 silly ADD node_modules/@esbuild/android-arm
408 silly ADD node_modules/@esbuild/aix-ppc64
409 verbose cwd D:\DSA\web
410 verbose os Windows_NT 10.0.26200
411 verbose node v22.17.1
412 verbose npm  v11.5.2
413 notice
413 notice New minor version of npm available! 11.5.2 -> 11.11.0
413 notice Changelog: https://github.com/npm/cli/releases/tag/v11.11.0
413 notice To update run: npm install -g npm@11.11.0
413 notice  { force: true, [Symbol(proc-log.meta)]: true }
414 verbose exit 0
415 info ok
